<?xml version="1.0" encoding="UTF-8"?>
<!-- Generated by org.testng.reporters.JUnitReportReporter -->
<testsuite skipped="2" hostname="Admin-PC" name="SignUp" tests="3" failures="0" timestamp="07 Feb 2018 14:01:17 GMT" time="19.826" errors="0">
  <testcase name="main" time="19.826" classname="SignUp"/>
  <testcase name="register" classname="SignUp">
    <skipped/>
  </testcase> <!-- register -->
  <testcase name="login" classname="SignUp">
    <skipped/>
  </testcase> <!-- login -->
</testsuite> <!-- SignUp -->
