<?xml version="1.0" encoding="UTF-8"?>
<!-- Generated by org.testng.reporters.JUnitReportReporter -->
<testsuite skipped="0" hostname="Admin-PC" name="Register" tests="1" failures="0" timestamp="15 Dec 2017 09:34:21 GMT" time="30.825" errors="0">
  <testcase name="main" time="30.825" classname="Register"/>
</testsuite> <!-- Register -->
