<?xml version="1.0" encoding="UTF-8"?>
<!-- Generated by org.testng.reporters.JUnitReportReporter -->
<testsuite skipped="0" hostname="Admin-PC" name="SignUp" tests="1" failures="0" timestamp="02 Feb 2018 06:52:17 GMT" time="11.113" errors="0">
  <testcase name="invokebroswer" time="11.113" classname="SignUp"/>
</testsuite> <!-- SignUp -->
