<?xml version="1.0" encoding="UTF-8"?>
<!-- Generated by org.testng.reporters.JUnitReportReporter -->
<testsuite skipped="0" hostname="Admin-PC" name="Register" tests="1" failures="0" timestamp="12 Dec 2017 11:00:14 GMT" time="29.211" errors="0">
  <testcase name="main" time="29.211" classname="Register"/>
</testsuite> <!-- Register -->
