<?xml version="1.0" encoding="UTF-8"?>
<!-- Generated by org.testng.reporters.JUnitReportReporter -->
<testsuite skipped="2" hostname="Admin-PC" name="SignUp" tests="3" failures="0" timestamp="05 Feb 2018 13:09:19 GMT" time="20.318" errors="0">
  <testcase name="main" time="20.318" classname="SignUp"/>
  <testcase name="register" classname="SignUp">
    <skipped/>
  </testcase> <!-- register -->
  <testcase name="login" classname="SignUp">
    <skipped/>
  </testcase> <!-- login -->
</testsuite> <!-- SignUp -->
