<?xml version="1.0" encoding="UTF-8"?>
<!-- Generated by org.testng.reporters.JUnitReportReporter -->
<testsuite skipped="0" hostname="SHANU-PC" name="mypackage.dropdown" tests="1" failures="0" timestamp="25 Oct 2017 18:55:36 GMT" time="46.374" errors="0">
  <testcase name="main" time="46.374" classname="mypackage.dropdown"/>
</testsuite> <!-- mypackage.dropdown -->
