<?xml version="1.0" encoding="UTF-8"?>
<!-- Generated by org.testng.reporters.JUnitReportReporter -->
<testsuite name="mypackage.automation" tests="1" time="39.823" ignored="0" failures="0" timestamp="10 Sep 2017 12:18:03 GMT" skipped="0" hostname="SHANU-PC" errors="0">
  <testcase name="main" time="39.823" classname="mypackage.automation"/>
</testsuite> <!-- mypackage.automation -->
