<?xml version="1.0" encoding="UTF-8"?>
<!-- Generated by org.testng.reporters.JUnitReportReporter -->
<testsuite skipped="0" hostname="Admin-PC" name="mypackage.automation" tests="1" failures="0" timestamp="12 Dec 2017 10:33:23 GMT" time="17.509" errors="0">
  <testcase name="main" time="17.509" classname="mypackage.automation"/>
</testsuite> <!-- mypackage.automation -->
